This file contains any messages produced by compilers while
running configure, to aid debugging if configure makes a mistake.

It was created by gwas-pw configure 0.02, which was
generated by GNU Autoconf 2.63.  Invocation command line was

  $ ./configure prefix=/hpc/users/xboocoj01 --no-create --no-recursion

## --------- ##
## Platform. ##
## --------- ##

hostname = purcell1
uname -m = x86_64
uname -r = 2.6.32-358.6.2.el6.x86_64
uname -s = Linux
uname -v = #1 SMP Thu May 16 20:59:36 UTC 2013

/usr/bin/uname -p = unknown
/bin/uname -X     = unknown

/bin/arch              = x86_64
/usr/bin/arch -k       = unknown
/usr/convex/getsysinfo = unknown
/usr/bin/hostinfo      = unknown
/bin/machine           = unknown
/usr/bin/oslevel       = unknown
/bin/universe          = unknown

PATH: /hpc/packages/minerva-common/samtools/1.1/bin
PATH: /hpc/packages/minerva-common/bcftools/1.3/bin
PATH: /hpc/packages/minerva-common/boost/1.60.0/bin
PATH: /hpc/packages/minerva-common/R/3.0.3/lib64/R/bin
PATH: /hpc/packages/minerva-common/jags/4.0.0/bin
PATH: /hpc/packages/minerva-common/jags/4.0.0/jags-terminal
PATH: /hpc/packages/minerva-common/openmpi/1.6.5/bin
PATH: /hpc/packages/minerva-common/netcdf/4.3.3.1/bin
PATH: /hpc/packages/minerva-common/geos/3.5.0/bin
PATH: /hpc/packages/minerva-common/gsl/1.16/bin
PATH: /hpc/packages/minerva-common/intel/parallel_studio_xe_2015/composer_xe_2015.0.090/debugger/gdb/intel64_mic/bin
PATH: /hpc/packages/minerva-common/intel/parallel_studio_xe_2015/composer_xe_2015.0.090/mpirt/bin/intel64
PATH: /hpc/packages/minerva-common/intel/parallel_studio_xe_2015/composer_xe_2015.0.090/bin/intel64
PATH: /hpc/packages/minerva-common/intel/parallel_studio_xe_2015/vtune_amplifier_xe_2015.1.0.367959/bin64
PATH: /hpc/packages/minerva-common/intel/parallel_studio_xe_2015/inspector_xe_2015.1.0.366509/bin64
PATH: /hpc/packages/minerva-common/intel/parallel_studio_xe_2015/bin
PATH: /hpc/packages/minerva-common/intel/parallel_studio_xe_2015/advisor_xe_2015.1.0.367266/bin64
PATH: /hpc/packages/minerva-common/intel/parallel_studio_xe_2015/itac/9.0.1.033/intel64/bin
PATH: /hpc/packages/minerva-common/cmake/3.3.0/bin
PATH: /hpc/packages/minerva-common/python/2.7.6/bin
PATH: /hpc/packages/minerva-common/gcc/4.8.2/bin
PATH: /hpc/users/xboocoj01/.local/bin/
PATH: /hpc/users/xboocoj01/bin
PATH: /usr/lib64/qt-3.3/bin
PATH: /usr/NX/bin
PATH: /opt/moab/bin
PATH: /hpc/lsf/9.1/linux2.6-glibc2.3-x86_64/etc
PATH: /hpc/lsf/9.1/linux2.6-glibc2.3-x86_64/bin
PATH: /opt/gold/bin
PATH: /usr/local/bin
PATH: /bin
PATH: /usr/bin
PATH: /usr/local/sbin
PATH: /usr/sbin
PATH: /sbin
PATH: /opt/bin
PATH: /hpc/users/xboocoj01/bin
PATH: /hpc/users/xboocoj01/psychgen/stahle01a/james/ld_score_scz/software/ldsc
PATH: /hpc/users/xboocoj01/psychgen/bin/
PATH: /hpc/packages/minerva-common/intel/parallel_studio_xe_2015/impi/5.0.1.035/intel64/bin


## ----------- ##
## Core tests. ##
## ----------- ##

configure:1868: checking for g++
configure:1884: found /hpc/packages/minerva-common/gcc/4.8.2/bin/g++
configure:1895: result: g++
configure:1922: checking for C++ compiler version
configure:1930: g++ --version >&5
g++ (GCC) 4.8.2
Copyright (C) 2013 Free Software Foundation, Inc.
This is free software; see the source for copying conditions.  There is NO
warranty; not even for MERCHANTABILITY or FITNESS FOR A PARTICULAR PURPOSE.

configure:1934: $? = 0
configure:1941: g++ -v >&5
Using built-in specs.
COLLECT_GCC=g++
COLLECT_LTO_WRAPPER=/hpc/packages/minerva-common/gcc/4.8.2/libexec/gcc/x86_64-unknown-linux-gnu/4.8.2/lto-wrapper
Target: x86_64-unknown-linux-gnu
Configured with: ./configure --prefix=/hpc/packages/minerva-common/gcc/4.8.2
Thread model: posix
gcc version 4.8.2 (GCC) 
configure:1945: $? = 0
configure:1952: g++ -V >&5
g++: error: unrecognized command line option '-V'
g++: fatal error: no input files
compilation terminated.
configure:1956: $? = 1
configure:1979: checking for C++ compiler default output file name
configure:2001: g++    conftest.cpp  >&5
configure:2005: $? = 0
configure:2043: result: a.out
configure:2062: checking whether the C++ compiler works
configure:2072: ./a.out
configure:2076: $? = 0
configure:2095: result: yes
configure:2102: checking whether we are cross compiling
configure:2104: result: no
configure:2107: checking for suffix of executables
configure:2114: g++ -o conftest    conftest.cpp  >&5
configure:2118: $? = 0
configure:2144: result: 
configure:2150: checking for suffix of object files
configure:2176: g++ -c   conftest.cpp >&5
configure:2180: $? = 0
configure:2205: result: o
configure:2209: checking whether we are using the GNU C++ compiler
configure:2238: g++ -c   conftest.cpp >&5
configure:2245: $? = 0
configure:2262: result: yes
configure:2271: checking whether g++ accepts -g
configure:2301: g++ -c -g  conftest.cpp >&5
configure:2308: $? = 0
configure:2409: result: yes
configure:2479: checking for a BSD-compatible install
configure:2547: result: /usr/bin/install -c
configure:2558: checking whether build environment is sane
configure:2618: result: yes
configure:2759: checking for a thread-safe mkdir -p
configure:2798: result: /bin/mkdir -p
configure:2811: checking for gawk
configure:2827: found /bin/gawk
configure:2838: result: gawk
configure:2849: checking whether make sets $(MAKE)
configure:2871: result: yes
configure:2901: checking for style of include used by make
configure:2929: result: GNU
configure:3010: checking how to create a pax tar archive
configure:3023: tar --version
tar (GNU tar) 1.23
Copyright (C) 2010 Free Software Foundation, Inc.
License GPLv3+: GNU GPL version 3 or later <http://gnu.org/licenses/gpl.html>.
This is free software: you are free to change and redistribute it.
There is NO WARRANTY, to the extent permitted by law.

Written by John Gilmore and Jay Fenlason.
configure:3026: $? = 0
configure:3066: tardir=conftest.dir && eval tar --format=posix -chf - "$tardir" >conftest.tar
configure:3069: $? = 0
configure:3073: tar -xf - <conftest.tar
configure:3076: $? = 0
configure:3089: result: gnutar
configure:3097: checking dependency style of g++
configure:3207: result: gcc3
configure:3273: checking for gcc
configure:3289: found /hpc/packages/minerva-common/gcc/4.8.2/bin/gcc
configure:3300: result: gcc
configure:3532: checking for C compiler version
configure:3540: gcc --version >&5
gcc (GCC) 4.8.2
Copyright (C) 2013 Free Software Foundation, Inc.
This is free software; see the source for copying conditions.  There is NO
warranty; not even for MERCHANTABILITY or FITNESS FOR A PARTICULAR PURPOSE.

configure:3544: $? = 0
configure:3551: gcc -v >&5
Using built-in specs.
COLLECT_GCC=gcc
COLLECT_LTO_WRAPPER=/hpc/packages/minerva-common/gcc/4.8.2/libexec/gcc/x86_64-unknown-linux-gnu/4.8.2/lto-wrapper
Target: x86_64-unknown-linux-gnu
Configured with: ./configure --prefix=/hpc/packages/minerva-common/gcc/4.8.2
Thread model: posix
gcc version 4.8.2 (GCC) 
configure:3555: $? = 0
configure:3562: gcc -V >&5
gcc: error: unrecognized command line option '-V'
gcc: fatal error: no input files
compilation terminated.
configure:3566: $? = 1
configure:3569: checking whether we are using the GNU C compiler
configure:3598: gcc -c   conftest.c >&5
configure:3605: $? = 0
configure:3622: result: yes
configure:3631: checking whether gcc accepts -g
configure:3661: gcc -c -g  conftest.c >&5
configure:3668: $? = 0
configure:3769: result: yes
configure:3786: checking for gcc option to accept ISO C89
configure:3860: gcc  -c -g -O2  conftest.c >&5
configure:3867: $? = 0
configure:3890: result: none needed
configure:3910: checking dependency style of gcc
configure:4020: result: gcc3
configure:4037: checking for gzopen in -lz
configure:4072: gcc -o conftest -g -O2   conftest.c -lz   >&5
configure:4079: $? = 0
configure:4100: result: yes
configure:4116: checking for cos in -lm
configure:4151: gcc -o conftest -g -O2   conftest.c -lm  -lz  >&5
conftest.c:18:6: warning: conflicting types for built-in function 'cos' [enabled by default]
 char cos ();
      ^
configure:4158: $? = 0
configure:4179: result: yes
configure:4191: checking for cblas_dgemm in -lgslcblas
configure:4226: gcc -o conftest -g -O2   conftest.c -lgslcblas  -lm -lz  >&5
configure:4233: $? = 0
configure:4254: result: yes
configure:4270: checking for gsl_blas_dgemm in -lgsl
configure:4305: gcc -o conftest -g -O2   conftest.c -lgsl  -lgslcblas -lm -lz  >&5
configure:4312: $? = 0
configure:4333: result: yes
configure:4438: checking for boostlib >= 1.42
configure:4517: g++ -c -g -O2   conftest.cpp >&5
configure:4524: $? = 0
configure:4530: result: yes
configure:4849: creating ./config.status

## ---------------- ##
## Cache variables. ##
## ---------------- ##

ac_cv_c_compiler_gnu=yes
ac_cv_cxx_compiler_gnu=yes
ac_cv_env_CCC_set=
ac_cv_env_CCC_value=
ac_cv_env_CC_set=
ac_cv_env_CC_value=
ac_cv_env_CFLAGS_set=
ac_cv_env_CFLAGS_value=
ac_cv_env_CPPFLAGS_set=
ac_cv_env_CPPFLAGS_value=
ac_cv_env_CXXFLAGS_set=
ac_cv_env_CXXFLAGS_value=
ac_cv_env_CXX_set=
ac_cv_env_CXX_value=
ac_cv_env_LDFLAGS_set=
ac_cv_env_LDFLAGS_value=
ac_cv_env_LIBS_set=
ac_cv_env_LIBS_value=
ac_cv_env_build_alias_set=
ac_cv_env_build_alias_value=
ac_cv_env_host_alias_set=
ac_cv_env_host_alias_value=
ac_cv_env_target_alias_set=
ac_cv_env_target_alias_value=
ac_cv_lib_gsl_gsl_blas_dgemm=yes
ac_cv_lib_gslcblas_cblas_dgemm=yes
ac_cv_lib_m_cos=yes
ac_cv_lib_z_gzopen=yes
ac_cv_objext=o
ac_cv_path_install='/usr/bin/install -c'
ac_cv_path_mkdir=/bin/mkdir
ac_cv_prog_AWK=gawk
ac_cv_prog_ac_ct_CC=gcc
ac_cv_prog_ac_ct_CXX=g++
ac_cv_prog_cc_c89=
ac_cv_prog_cc_g=yes
ac_cv_prog_cxx_g=yes
ac_cv_prog_make_make_set=yes
am_cv_CC_dependencies_compiler_type=gcc3
am_cv_CXX_dependencies_compiler_type=gcc3
am_cv_prog_tar_pax=gnutar

## ----------------- ##
## Output variables. ##
## ----------------- ##

ACLOCAL='${SHELL} /hpc/users/xboocoj01/psychgen/resources/pw-gwas/results/james/gwas-pw/missing --run aclocal-1.11'
AMDEPBACKSLASH='\'
AMDEP_FALSE='#'
AMDEP_TRUE=''
AMTAR='${SHELL} /hpc/users/xboocoj01/psychgen/resources/pw-gwas/results/james/gwas-pw/missing --run tar'
AUTOCONF='${SHELL} /hpc/users/xboocoj01/psychgen/resources/pw-gwas/results/james/gwas-pw/missing --run autoconf'
AUTOHEADER='${SHELL} /hpc/users/xboocoj01/psychgen/resources/pw-gwas/results/james/gwas-pw/missing --run autoheader'
AUTOMAKE='${SHELL} /hpc/users/xboocoj01/psychgen/resources/pw-gwas/results/james/gwas-pw/missing --run automake-1.11'
AWK='gawk'
BOOST_CPPFLAGS=''
BOOST_LDFLAGS=''
CC='gcc'
CCDEPMODE='depmode=gcc3'
CFLAGS='-g -O2'
CPPFLAGS=' '
CXX='g++'
CXXDEPMODE='depmode=gcc3'
CXXFLAGS='-g -O2'
CYGPATH_W='echo'
DEFS='-DHAVE_CONFIG_H'
DEPDIR='.deps'
ECHO_C=''
ECHO_N='-n'
ECHO_T=''
EXEEXT=''
INSTALL_DATA='${INSTALL} -m 644'
INSTALL_PROGRAM='${INSTALL}'
INSTALL_SCRIPT='${INSTALL}'
INSTALL_STRIP_PROGRAM='$(install_sh) -c -s'
LDFLAGS=''
LIBOBJS=''
LIBS='-lgsl -lgslcblas -lm -lz '
LTLIBOBJS=''
MAKEINFO='${SHELL} /hpc/users/xboocoj01/psychgen/resources/pw-gwas/results/james/gwas-pw/missing --run makeinfo'
MKDIR_P='/bin/mkdir -p'
OBJEXT='o'
PACKAGE='gwas-pw'
PACKAGE_BUGREPORT='joepickrell@gmail.com'
PACKAGE_NAME='gwas-pw'
PACKAGE_STRING='gwas-pw 0.02'
PACKAGE_TARNAME='gwas-pw'
PACKAGE_VERSION='0.02'
PATH_SEPARATOR=':'
SET_MAKE=''
SHELL='/bin/sh'
STRIP=''
VERSION='0.02'
ac_ct_CC='gcc'
ac_ct_CXX='g++'
am__EXEEXT_FALSE=''
am__EXEEXT_TRUE='#'
am__fastdepCC_FALSE='#'
am__fastdepCC_TRUE=''
am__fastdepCXX_FALSE='#'
am__fastdepCXX_TRUE=''
am__include='include'
am__isrc=''
am__leading_dot='.'
am__quote=''
am__tar='tar --format=posix -chf - "$$tardir"'
am__untar='tar -xf -'
bindir='${exec_prefix}/bin'
build_alias=''
datadir='${datarootdir}'
datarootdir='${prefix}/share'
docdir='${datarootdir}/doc/${PACKAGE_TARNAME}'
dvidir='${docdir}'
exec_prefix='${prefix}'
host_alias=''
htmldir='${docdir}'
includedir='${prefix}/include'
infodir='${datarootdir}/info'
install_sh='${SHELL} /hpc/users/xboocoj01/psychgen/resources/pw-gwas/results/james/gwas-pw/install-sh'
libdir='${exec_prefix}/lib'
libexecdir='${exec_prefix}/libexec'
localedir='${datarootdir}/locale'
localstatedir='${prefix}/var'
mandir='${datarootdir}/man'
mkdir_p='/bin/mkdir -p'
oldincludedir='/usr/include'
pdfdir='${docdir}'
prefix='/hpc/users/xboocoj01'
program_transform_name='s,x,x,'
psdir='${docdir}'
sbindir='${exec_prefix}/sbin'
sharedstatedir='${prefix}/com'
sysconfdir='${prefix}/etc'
target_alias=''

## ----------- ##
## confdefs.h. ##
## ----------- ##

#define PACKAGE_NAME "gwas-pw"
#define PACKAGE_TARNAME "gwas-pw"
#define PACKAGE_VERSION "0.02"
#define PACKAGE_STRING "gwas-pw 0.02"
#define PACKAGE_BUGREPORT "joepickrell@gmail.com"
#define PACKAGE "gwas-pw"
#define VERSION "0.02"
#define HAVE_LIBZ 1
#define HAVE_LIBM 1
#define HAVE_LIBGSLCBLAS 1
#define HAVE_LIBGSL 1
#define HAVE_BOOST /**/

configure: exit 0

## ---------------------- ##
## Running config.status. ##
## ---------------------- ##

This file was extended by gwas-pw config.status 0.02, which was
generated by GNU Autoconf 2.63.  Invocation command line was

  CONFIG_FILES    = 
  CONFIG_HEADERS  = 
  CONFIG_LINKS    = 
  CONFIG_COMMANDS = 
  $ ./config.status 

on purcell1

config.status:772: creating Makefile
config.status:772: creating src/Makefile
config.status:772: creating config.h
config.status:994: config.h is unchanged
config.status:1046: executing depfiles commands
